<?xml version="1.0" encoding="UTF-8"?>
<!-- Generated by org.testng.reporters.JUnitReportReporter -->
<testsuite hostname="Rigurd-PC" name="se.nackademin.examination.examination_jacoco.GameTest" tests="9" failures="0" timestamp="20 Oct 2016 08:23:33 GMT" time="0.006" errors="0">
  <testcase name="testCalculateOutputBasedOnGender" time="0.000" classname="se.nackademin.examination.examination_jacoco.GameTest"/>
  <testcase name="testMethod1" time="0.000" classname="se.nackademin.examination.examination_jacoco.GameTest"/>
  <testcase name="testCalculateOutputBasedOnAge" time="0.000" classname="se.nackademin.examination.examination_jacoco.GameTest"/>
  <testcase name="testMethodRun" time="0.003" classname="se.nackademin.examination.examination_jacoco.GameTest"/>
  <testcase name="testCalculateOutputBasedOnNames" time="0.001" classname="se.nackademin.examination.examination_jacoco.GameTest"/>
  <testcase name="testBuildFinalString" time="0.000" classname="se.nackademin.examination.examination_jacoco.GameTest"/>
  <testcase name="testCalculateOutputBasedOnHomeCity" time="0.000" classname="se.nackademin.examination.examination_jacoco.GameTest"/>
  <testcase name="testGetGenderFromValueInput" time="0.001" classname="se.nackademin.examination.examination_jacoco.GameTest"/>
  <testcase name="testRunGame" time="0.001" classname="se.nackademin.examination.examination_jacoco.GameTest"/>
</testsuite> <!-- se.nackademin.examination.examination_jacoco.GameTest -->
