<?xml version="1.0" encoding="UTF-8"?>
<!-- Generated by org.testng.reporters.JUnitReportReporter -->
<testsuite hostname="Rigurd-PC" name="se.nackademin.examination.examination_jacoco.ConversorTest" tests="4" failures="0" timestamp="20 Oct 2016 08:23:33 GMT" time="0.001" errors="0">
  <testcase name="testAgeConverterArrayValues" time="0.001" classname="se.nackademin.examination.examination_jacoco.ConversorTest"/>
  <testcase name="testConversor" time="0.000" classname="se.nackademin.examination.examination_jacoco.ConversorTest"/>
  <testcase name="testCityConverterArrayValues" time="0.000" classname="se.nackademin.examination.examination_jacoco.ConversorTest"/>
  <testcase name="testGenderConverserArrayValues" time="0.000" classname="se.nackademin.examination.examination_jacoco.ConversorTest"/>
</testsuite> <!-- se.nackademin.examination.examination_jacoco.ConversorTest -->
